<<<<<<< HEAD

=== Tue Sep 19 10:15:02 2023

Packages were changed.
Update Mode: mergeDefaultDependencies

The following packages were added:
  com.unity.collab-proxy@1.2.16
  com.unity.ide.rider@1.1.4
  com.unity.ide.vscode@1.2.1
  com.unity.modules.androidjni@1.0.0
  com.unity.modules.cloth@1.0.0
  com.unity.modules.terrainphysics@1.0.0
  com.unity.modules.tilemap@1.0.0
  com.unity.modules.umbra@1.0.0
  com.unity.modules.unityanalytics@1.0.0
  com.unity.modules.vehicles@1.0.0
  com.unity.modules.video@1.0.0
  com.unity.modules.wind@1.0.0
  com.unity.ugui@1.0.0

=== Tue Sep 19 10:53:36 2023

Packages were changed.
Update Mode: updateDependencies

The following packages were added:
  com.unity.2d.tilemap@1.0.0
  com.unity.ads@3.4.7
  com.unity.analytics@3.3.5
  com.unity.multiplayer-hlapi@1.0.6
  com.unity.purchasing@2.0.6
  com.unity.xr.legacyinputhelpers@2.1.4
=======

=== Tue Sep 19 10:15:02 2023

Packages were changed.
Update Mode: mergeDefaultDependencies

The following packages were added:
  com.unity.collab-proxy@1.2.16
  com.unity.ide.rider@1.1.4
  com.unity.ide.vscode@1.2.1
  com.unity.modules.androidjni@1.0.0
  com.unity.modules.cloth@1.0.0
  com.unity.modules.terrainphysics@1.0.0
  com.unity.modules.tilemap@1.0.0
  com.unity.modules.umbra@1.0.0
  com.unity.modules.unityanalytics@1.0.0
  com.unity.modules.vehicles@1.0.0
  com.unity.modules.video@1.0.0
  com.unity.modules.wind@1.0.0
  com.unity.ugui@1.0.0

=== Tue Sep 19 10:53:36 2023

Packages were changed.
Update Mode: updateDependencies

The following packages were added:
  com.unity.2d.tilemap@1.0.0
  com.unity.ads@3.4.7
  com.unity.analytics@3.3.5
  com.unity.multiplayer-hlapi@1.0.6
  com.unity.purchasing@2.0.6
  com.unity.xr.legacyinputhelpers@2.1.4
>>>>>>> 2db2a1313a2376372b9a6901b863b6b8345507a1
